11:20:12.732 INFO - Launching a standalone Selenium Server
11:20:12.761 INFO - Java: Oracle Corporation 25.112-b16
11:20:12.761 INFO - OS: Mac OS X 10.12.2 x86_64
11:20:12.774 INFO - v2.53.0, with Core v2.53.0. Built from revision 35ae25b
11:20:12.823 INFO - Driver provider org.openqa.selenium.ie.InternetExplorerDriver registration is skipped:
registration capabilities Capabilities [{ensureCleanSession=true, browserName=internet explorer, version=, platform=WINDOWS}] does not match the current platform MAC
11:20:12.824 INFO - Driver provider org.openqa.selenium.edge.EdgeDriver registration is skipped:
registration capabilities Capabilities [{browserName=MicrosoftEdge, version=, platform=WINDOWS}] does not match the current platform MAC
11:20:12.824 INFO - Driver class not found: com.opera.core.systems.OperaDriver
11:20:12.824 INFO - Driver provider com.opera.core.systems.OperaDriver is not registered
11:20:12.825 INFO - Driver class not found: org.openqa.selenium.htmlunit.HtmlUnitDriver
11:20:12.825 INFO - Driver provider org.openqa.selenium.htmlunit.HtmlUnitDriver is not registered
11:20:12.871 INFO - RemoteWebDriver instances should connect to: http://127.0.0.1:4444/wd/hub
11:20:12.871 INFO - Selenium Server is up and running
11:20:13.091 INFO - Executing: [new session: Capabilities [{acceptSslCerts=true, name=Test, browserName=chrome, javascriptEnabled=true, platform=ANY}]])
11:20:13.099 INFO - Creating a new session for Capabilities [{acceptSslCerts=true, name=Test, browserName=chrome, javascriptEnabled=true, platform=ANY}]
Starting ChromeDriver 2.27.440174 (e97a722caafc2d3a8b807ee115bfb307f7d2cfd9) on port 43557
Only local connections are allowed.
11:20:14.017 INFO - Done: [new session: Capabilities [{acceptSslCerts=true, name=Test, browserName=chrome, javascriptEnabled=true, platform=ANY}]]
11:20:14.032 INFO - Executing: [get: http://localhost/CollaborativeMapFreeHotspots-FE])
11:20:16.256 INFO - Done: [get: http://localhost/CollaborativeMapFreeHotspots-FE]
11:20:16.266 INFO - Executing: [find elements: By.cssSelector: body])
11:20:16.306 INFO - Done: [find elements: By.cssSelector: body]
11:20:16.311 INFO - Executing: [is displayed: 0 [[ChromeDriver: chrome on MAC (2b861af8041d3cbd2684ac6b059c13ff)] -> css selector: body]])
11:20:16.336 INFO - Done: [is displayed: 0 [[ChromeDriver: chrome on MAC (2b861af8041d3cbd2684ac6b059c13ff)] -> css selector: body]]
11:20:16.341 INFO - Executing: [get title])
11:20:16.350 INFO - Done: [get title]
11:20:16.354 INFO - Executing: [take screenshot])
11:20:16.724 INFO - Done: [take screenshot]
11:20:16.755 INFO - Executing: [find elements: By.cssSelector: #map])
11:20:16.794 INFO - Done: [find elements: By.cssSelector: #map]
11:20:16.807 INFO - Executing: [find elements: By.cssSelector: #map>div>div.gm-style>div>div>div>div>div.gm-style-iw>div>div])
11:20:16.832 INFO - Done: [find elements: By.cssSelector: #map>div>div.gm-style>div>div>div>div>div.gm-style-iw>div>div]
11:20:17.339 INFO - Executing: [find elements: By.cssSelector: #map>div>div.gm-style>div>div>div>div>div.gm-style-iw>div>div])
11:20:17.350 INFO - Done: [find elements: By.cssSelector: #map>div>div.gm-style>div>div>div>div>div.gm-style-iw>div>div]
11:20:17.858 INFO - Executing: [find elements: By.cssSelector: #map>div>div.gm-style>div>div>div>div>div.gm-style-iw>div>div])
11:20:17.866 INFO - Done: [find elements: By.cssSelector: #map>div>div.gm-style>div>div>div>div>div.gm-style-iw>div>div]
11:20:18.374 INFO - Executing: [find elements: By.cssSelector: #map>div>div.gm-style>div>div>div>div>div.gm-style-iw>div>div])
11:20:18.382 INFO - Done: [find elements: By.cssSelector: #map>div>div.gm-style>div>div>div>div>div.gm-style-iw>div>div]
11:20:18.894 INFO - Executing: [find elements: By.cssSelector: #map>div>div.gm-style>div>div>div>div>div.gm-style-iw>div>div])
11:20:18.902 INFO - Done: [find elements: By.cssSelector: #map>div>div.gm-style>div>div>div>div>div.gm-style-iw>div>div]
11:20:19.410 INFO - Executing: [find elements: By.cssSelector: #map>div>div.gm-style>div>div>div>div>div.gm-style-iw>div>div])
11:20:19.418 INFO - Done: [find elements: By.cssSelector: #map>div>div.gm-style>div>div>div>div>div.gm-style-iw>div>div]
11:20:19.928 INFO - Executing: [find elements: By.cssSelector: #map>div>div.gm-style>div>div>div>div>div.gm-style-iw>div>div])
11:20:19.935 INFO - Done: [find elements: By.cssSelector: #map>div>div.gm-style>div>div>div>div>div.gm-style-iw>div>div]
11:20:20.440 INFO - Executing: [find elements: By.cssSelector: #map>div>div.gm-style>div>div>div>div>div.gm-style-iw>div>div])
11:20:20.448 INFO - Done: [find elements: By.cssSelector: #map>div>div.gm-style>div>div>div>div>div.gm-style-iw>div>div]
11:20:20.956 INFO - Executing: [find elements: By.cssSelector: #map>div>div.gm-style>div>div>div>div>div.gm-style-iw>div>div])
11:20:20.964 INFO - Done: [find elements: By.cssSelector: #map>div>div.gm-style>div>div>div>div>div.gm-style-iw>div>div]
11:20:21.471 INFO - Executing: [find elements: By.cssSelector: #map>div>div.gm-style>div>div>div>div>div.gm-style-iw>div>div])
11:20:21.479 INFO - Done: [find elements: By.cssSelector: #map>div>div.gm-style>div>div>div>div>div.gm-style-iw>div>div]
11:20:21.989 INFO - Executing: [find elements: By.cssSelector: #map>div>div.gm-style>div>div>div>div>div.gm-style-iw>div>div])
11:20:21.997 INFO - Done: [find elements: By.cssSelector: #map>div>div.gm-style>div>div>div>div>div.gm-style-iw>div>div]
11:20:22.504 INFO - Executing: [find elements: By.cssSelector: #map>div>div.gm-style>div>div>div>div>div.gm-style-iw>div>div])
11:20:22.513 INFO - Done: [find elements: By.cssSelector: #map>div>div.gm-style>div>div>div>div>div.gm-style-iw>div>div]
11:20:23.017 INFO - Executing: [find elements: By.cssSelector: #map>div>div.gm-style>div>div>div>div>div.gm-style-iw>div>div])
11:20:23.025 INFO - Done: [find elements: By.cssSelector: #map>div>div.gm-style>div>div>div>div>div.gm-style-iw>div>div]
11:20:23.531 INFO - Executing: [find elements: By.cssSelector: #map>div>div.gm-style>div>div>div>div>div.gm-style-iw>div>div])
11:20:23.540 INFO - Done: [find elements: By.cssSelector: #map>div>div.gm-style>div>div>div>div>div.gm-style-iw>div>div]
11:20:24.045 INFO - Executing: [find elements: By.cssSelector: #map>div>div.gm-style>div>div>div>div>div.gm-style-iw>div>div])
11:20:24.053 INFO - Done: [find elements: By.cssSelector: #map>div>div.gm-style>div>div>div>div>div.gm-style-iw>div>div]
11:20:24.562 INFO - Executing: [find elements: By.cssSelector: #map>div>div.gm-style>div>div>div>div>div.gm-style-iw>div>div])
11:20:24.603 INFO - Done: [find elements: By.cssSelector: #map>div>div.gm-style>div>div>div>div>div.gm-style-iw>div>div]
11:20:25.112 INFO - Executing: [find elements: By.cssSelector: #map>div>div.gm-style>div>div>div>div>div.gm-style-iw>div>div])
11:20:25.121 INFO - Done: [find elements: By.cssSelector: #map>div>div.gm-style>div>div>div>div>div.gm-style-iw>div>div]
11:20:25.125 INFO - Executing: [is displayed: 2 [[ChromeDriver: chrome on MAC (2b861af8041d3cbd2684ac6b059c13ff)] -> css selector: #map>div>div.gm-style>div>div>div>div>div.gm-style-iw>div>div]])
11:20:25.144 INFO - Done: [is displayed: 2 [[ChromeDriver: chrome on MAC (2b861af8041d3cbd2684ac6b059c13ff)] -> css selector: #map>div>div.gm-style>div>div>div>div>div.gm-style-iw>div>div]]
11:20:25.149 INFO - Executing: [find element: By.cssSelector: #map>div>div.gm-style>div>div>div>div>div.gm-style-iw>div>div])
11:20:25.167 INFO - Done: [find element: By.cssSelector: #map>div>div.gm-style>div>div>div>div>div.gm-style-iw>div>div]
11:20:25.171 INFO - Executing: [get text: 2 [[ChromeDriver: chrome on MAC (2b861af8041d3cbd2684ac6b059c13ff)] -> css selector: #map>div>div.gm-style>div>div>div>div>div.gm-style-iw>div>div]])
11:20:25.191 INFO - Done: [get text: 2 [[ChromeDriver: chrome on MAC (2b861af8041d3cbd2684ac6b059c13ff)] -> css selector: #map>div>div.gm-style>div>div>div>div>div.gm-style-iw>div>div]]
11:20:25.195 INFO - Executing: [take screenshot])
11:20:25.469 INFO - Done: [take screenshot]
11:20:25.576 INFO - Executing: [find elements: By.cssSelector: #show-login])
11:20:25.594 INFO - Done: [find elements: By.cssSelector: #show-login]
11:20:25.598 INFO - Executing: [find element: By.cssSelector: #show-login])
11:20:25.619 INFO - Done: [find element: By.cssSelector: #show-login]
11:20:25.623 INFO - Executing: [click: 3 [[ChromeDriver: chrome on MAC (2b861af8041d3cbd2684ac6b059c13ff)] -> css selector: #show-login]])
11:20:25.712 INFO - Done: [click: 3 [[ChromeDriver: chrome on MAC (2b861af8041d3cbd2684ac6b059c13ff)] -> css selector: #show-login]]
11:20:25.717 INFO - Executing: [find elements: By.cssSelector: #dialog-login])
11:20:25.745 INFO - Done: [find elements: By.cssSelector: #dialog-login]
11:20:25.749 INFO - Executing: [is displayed: 4 [[ChromeDriver: chrome on MAC (2b861af8041d3cbd2684ac6b059c13ff)] -> css selector: #dialog-login]])
11:20:25.773 INFO - Done: [is displayed: 4 [[ChromeDriver: chrome on MAC (2b861af8041d3cbd2684ac6b059c13ff)] -> css selector: #dialog-login]]
11:20:25.776 INFO - Executing: [take screenshot])
11:20:26.004 INFO - Done: [take screenshot]
11:20:26.041 INFO - Executing: [find element: By.cssSelector: input#in-l-email.mdl-textfield__input])
11:20:26.065 INFO - Done: [find element: By.cssSelector: input#in-l-email.mdl-textfield__input]
11:20:26.070 INFO - Executing: [send keys: 5 [[ChromeDriver: chrome on MAC (2b861af8041d3cbd2684ac6b059c13ff)] -> css selector: input#in-l-email.mdl-textfield__input], [f, i, n, a, l, g, a, l, a, x, y, @, g, m, a, i, l, ., c, o, m]])
11:20:26.163 INFO - Done: [send keys: 5 [[ChromeDriver: chrome on MAC (2b861af8041d3cbd2684ac6b059c13ff)] -> css selector: input#in-l-email.mdl-textfield__input], [f, i, n, a, l, g, a, l, a, x, y, @, g, m, a, i, l, ., c, o, m]]
11:20:26.167 INFO - Executing: [find element: By.cssSelector: input#in-l-password.mdl-textfield__input])
11:20:26.187 INFO - Done: [find element: By.cssSelector: input#in-l-password.mdl-textfield__input]
11:20:26.190 INFO - Executing: [send keys: 6 [[ChromeDriver: chrome on MAC (2b861af8041d3cbd2684ac6b059c13ff)] -> css selector: input#in-l-password.mdl-textfield__input], [t, e, s, t]])
11:20:26.237 INFO - Done: [send keys: 6 [[ChromeDriver: chrome on MAC (2b861af8041d3cbd2684ac6b059c13ff)] -> css selector: input#in-l-password.mdl-textfield__input], [t, e, s, t]]
11:20:26.240 INFO - Executing: [find element: By.cssSelector: #enterbtna-login])
11:20:26.262 INFO - Done: [find element: By.cssSelector: #enterbtna-login]
11:20:26.266 INFO - Executing: [click: 7 [[ChromeDriver: chrome on MAC (2b861af8041d3cbd2684ac6b059c13ff)] -> css selector: #enterbtna-login]])
11:20:26.334 INFO - Done: [click: 7 [[ChromeDriver: chrome on MAC (2b861af8041d3cbd2684ac6b059c13ff)] -> css selector: #enterbtna-login]]
11:20:29.338 INFO - Executing: [take screenshot])
11:20:29.503 INFO - Done: [take screenshot]
11:20:29.509 INFO - Executing: [delete session: c0d53991-7891-466b-99de-bed07dd92c96])
11:20:29.585 INFO - Done: [delete session: c0d53991-7891-466b-99de-bed07dd92c96]
